Removed Pin From Net: NetName=NetC15_1 Pin=J2-1
Removed Pin From Net: NetName=+BATT Pin=J2-2
Removed Pin From Net: NetName=NetC18_1 Pin=J4-1
Removed Pin From Net: NetName=+BATT Pin=J4-2
Removed Pin From Net: NetName=NetC16_1 Pin=J5-1
Removed Pin From Net: NetName=+BATT Pin=J5-2
Removed Pin From Net: NetName=NetC17_1 Pin=J6-1
Removed Pin From Net: NetName=+BATT Pin=J6-2
Add Pin To Net: Unknown Pin: Pin J1-A1
Add Pin To Net: Unknown Pin: Pin J1-A4
Added Pin To Net: NetName=+BATT Pin=J2-1
Added Pin To Net: NetName=NetC15_1 Pin=J2-2
Added Pin To Net: NetName=+BATT Pin=J4-1
Added Pin To Net: NetName=NetC18_1 Pin=J4-2
Added Pin To Net: NetName=+BATT Pin=J5-1
Added Pin To Net: NetName=NetC16_1 Pin=J5-2
Added Pin To Net: NetName=+BATT Pin=J6-1
Added Pin To Net: NetName=NetC17_1 Pin=J6-2
Add Pin To Net: Unknown Pin: Pin SW1-4
Added Member To Class: ClassName=motor_drivers Member=Component J2 TMM-102-02-L-S
Added Member To Class: ClassName=motor_drivers Member=Component J4 TMM-102-02-L-S
Added Member To Class: ClassName=motor_drivers Member=Component J5 TMM-102-02-L-S
Added Member To Class: ClassName=motor_drivers Member=Component J6 TMM-102-02-L-S
