Added Component: Designator=U6(QFN50P500X500X80-29N)
Add Pin To Net: Unknown Pin: Pin D2-1
Add Pin To Net: Unknown Pin: Pin D2-2
Add Pin To Net: Unknown Pin: Pin D3-1
Add Pin To Net: Unknown Pin: Pin D3-2
Add Pin To Net: Unknown Pin: Pin D4-1
Add Pin To Net: Unknown Pin: Pin D4-2
Add Pin To Net: Unknown Pin: Pin D5-1
Add Pin To Net: Unknown Pin: Pin D5-2
Add Pin To Net: Unknown Pin: Pin J1-A1
Add Pin To Net: Unknown Pin: Pin J1-A4
Add Pin To Net: Unknown Pin: Pin SW1-4
Added Pin To Net: NetName=GND Pin=U6-3
Added Pin To Net: NetName=NetJ1_A6 Pin=U6-4
Added Pin To Net: NetName=NetJ1_A7 Pin=U6-5
Added Pin To Net: NetName=NetC8_2 Pin=U6-6
Added Pin To Net: NetName=Vbus Pin=U6-7
Added Pin To Net: NetName=NetR5_2 Pin=U6-8
Added Pin To Net: NetName=RTS Pin=U6-24
Added Pin To Net: NetName=NetR9_1 Pin=U6-25
Added Pin To Net: NetName=NetR8_1 Pin=U6-26
Added Pin To Net: NetName=DTR Pin=U6-28
Added Member To Class: ClassName=debug Member=Component U6 CP2102N-Axx-xQFN28
